<?xml version="1.0" encoding="UTF-8"?>
<testng-results ignored="0" total="1" passed="0" failed="1" skipped="0">
  <reporter-output>
  </reporter-output>
  <suite started-at="2025-10-29T23:33:20 WIB" name="Surefire suite" finished-at="2025-10-29T23:34:20 WIB" duration-ms="59927">
    <groups>
      <group name="cucumber">
        <method signature="AbstractTestNGCucumberTests.runScenario(io.cucumber.testng.PickleWrapper,io.cucumber.testng.FeatureWrapper)[pri:0, instance:runner.TestRunner@50a638b5]" name="runScenario" class="io.cucumber.testng.AbstractTestNGCucumberTests"/>
      </group> <!-- cucumber -->
    </groups>
    <test started-at="2025-10-29T23:33:20 WIB" name="Surefire test" finished-at="2025-10-29T23:34:20 WIB" duration-ms="59927">
      <class name="runner.TestRunner">
        <test-method is-config="true" signature="setUpClass(org.testng.ITestContext)[pri:0, instance:runner.TestRunner@50a638b5]" started-at="2025-10-29T23:33:20 WIB" name="setUpClass" finished-at="2025-10-29T23:33:21 WIB" duration-ms="796" status="PASS">
          <params>
            <param index="0">
              <value>
                <![CDATA[org.testng.TestRunner@7b676112]]>
              </value>
            </param>
          </params>
          <reporter-output>
          </reporter-output>
        </test-method> <!-- setUpClass -->
        <test-method signature="runScenario(io.cucumber.testng.PickleWrapper,io.cucumber.testng.FeatureWrapper)[pri:0, instance:runner.TestRunner@50a638b5]" started-at="2025-10-29T23:33:21 WIB" name="runScenario" description="Runs Cucumber Scenarios" data-provider="scenarios" finished-at="2025-10-29T23:34:20 WIB" duration-ms="59012" status="FAIL">
          <params>
            <param index="0">
              <value>
                <![CDATA["User can book flight successfully"]]>
              </value>
            </param>
            <param index="1">
              <value>
                <![CDATA["Book Flight functionality"]]>
              </value>
            </param>
          </params>
          <exception class="java.lang.AssertionError">
            <message>
              <![CDATA[Penerbangan pergi tidak sesuai! expected [true] but found [false]]]>
            </message>
            <full-stacktrace>
              <![CDATA[java.lang.AssertionError: Penerbangan pergi tidak sesuai! expected [true] but found [false]
at org.testng.Assert.fail(Assert.java:111)
at org.testng.Assert.failNotEquals(Assert.java:1590)
at org.testng.Assert.assertTrue(Assert.java:57)
at stepdefenitions.BookFlightImpl.User_verifikasi_detail_tiket(BookFlightImpl.java:87)
at âœ½.User verifikasi detail tiket(classpath:features/BookFlightAgoda.feature:12)
]]>
            </full-stacktrace>
          </exception> <!-- java.lang.AssertionError -->
          <reporter-output>
          </reporter-output>
        </test-method> <!-- runScenario -->
        <test-method is-config="true" signature="tearDownClass()[pri:0, instance:runner.TestRunner@50a638b5]" started-at="2025-10-29T23:34:20 WIB" name="tearDownClass" finished-at="2025-10-29T23:34:20 WIB" duration-ms="46" status="PASS">
          <reporter-output>
          </reporter-output>
        </test-method> <!-- tearDownClass -->
      </class> <!-- runner.TestRunner -->
    </test> <!-- Surefire test -->
  </suite> <!-- Surefire suite -->
</testng-results>
